<?xml version="1.0" encoding="UTF-8"?>
<!-- Generated by org.testng.reporters.JUnitReportReporter -->
<testsuite hostname="NHCLPT520" failures="0" tests="10" name="org.runner.Runner" time="92.358" errors="0" timestamp="18 Jan 2023 05:49:09 GMT" skipped="0">
  <testcase classname="org.runner.Runner" name="runScenario" time="10.338"/>
  <testcase classname="org.runner.Runner" name="runScenario" time="8.403"/>
  <testcase classname="org.runner.Runner" name="runScenario" time="10.337"/>
  <testcase classname="org.runner.Runner" name="runScenario" time="12.348"/>
  <testcase classname="org.runner.Runner" name="runScenario" time="10.150"/>
  <testcase classname="org.runner.Runner" name="runScenario" time="12.393"/>
  <testcase classname="org.runner.Runner" name="runScenario" time="11.562"/>
  <testcase classname="org.runner.Runner" name="runScenario" time="0.299"/>
  <testcase classname="org.runner.Runner" name="runScenario" time="16.435"/>
  <testcase classname="org.runner.Runner" name="runScenario" time="0.093"/>
</testsuite> <!-- org.runner.Runner -->
